<?xml version="1.0" encoding="UTF-8"?>
<testsuite name="TestCommission" tests="2" skipped="0" failures="0" errors="0" timestamp="2022-11-10T03:07:58" hostname="Mds-MacBook-Pro.local" time="0.632">
  <properties/>
  <testcase name="testGetCommissionSkipWhileLoop()" classname="TestCommission" time="0.627"/>
  <testcase name="testGetCommissionEnterWhileLoop()" classname="TestCommission" time="0.004"/>
  <system-out><![CDATA[]]></system-out>
  <system-err><![CDATA[Nov. 09, 2022 10:07:59 P.M. CalculateCommission getCommission
INFO: Total sales: 0.0
Nov. 09, 2022 10:07:59 P.M. CalculateCommission getCommission
INFO: Commission is: $0.0
Nov. 09, 2022 10:07:59 P.M. CalculateCommission getCommission
INFO: Total sales: 1570.0
Nov. 09, 2022 10:07:59 P.M. CalculateCommission getCommission
INFO: Commission is: $185.5
]]></system-err>
</testsuite>
