<?xml version="1.0" encoding="UTF-8"?>
<testsuite name="TestCommission" tests="2" skipped="0" failures="0" errors="0" timestamp="2022-11-15T14:15:10" hostname="Mds-MacBook-Pro.local" time="0.12">
  <properties/>
  <testcase name="testGetCommissionSkipWhileLoop()" classname="TestCommission" time="0.106"/>
  <testcase name="testGetCommissionEnterWhileLoop()" classname="TestCommission" time="0.01"/>
  <system-out><![CDATA[]]></system-out>
  <system-err><![CDATA[Nov. 15, 2022 9:15:10 A.M. CalculateCommission getCommission
INFO: Total sales: 0.0
Nov. 15, 2022 9:15:10 A.M. CalculateCommission getCommission
INFO: Commission is: $0.0
Nov. 15, 2022 9:15:10 A.M. CalculateCommission getCommission
INFO: Total sales: 2500.0
Nov. 15, 2022 9:15:10 A.M. CalculateCommission getCommission
INFO: Commission is: $520.0
]]></system-err>
</testsuite>
